2020/01/09 15:04:38 INFO  - jmeter.util.JMeterUtils: Setting Locale to en 
2020/01/09 15:04:38 INFO  - jmeter.JMeter: Loading user properties from: /usr/share/jmeter/bin/user.properties 
2020/01/09 15:04:38 INFO  - jmeter.JMeter: Loading system properties from: /usr/share/jmeter/bin/system.properties 
2020/01/09 15:04:38 INFO  - jmeter.JMeter: Copyright (c) 1998-2015 The Apache Software Foundation 
2020/01/09 15:04:38 INFO  - jmeter.JMeter: Version 2.13.20170723 
2020/01/09 15:04:38 INFO  - jmeter.JMeter: java.version=11.0.5 
2020/01/09 15:04:38 INFO  - jmeter.JMeter: java.vm.name=OpenJDK 64-Bit Server VM 
2020/01/09 15:04:38 INFO  - jmeter.JMeter: os.name=Linux 
2020/01/09 15:04:38 INFO  - jmeter.JMeter: os.arch=amd64 
2020/01/09 15:04:38 INFO  - jmeter.JMeter: os.version=5.0.0-1027-azure 
2020/01/09 15:04:38 INFO  - jmeter.JMeter: file.encoding=UTF-8 
2020/01/09 15:04:38 INFO  - jmeter.JMeter: Default Locale=English 
2020/01/09 15:04:38 INFO  - jmeter.JMeter: JMeter  Locale=English 
2020/01/09 15:04:38 INFO  - jmeter.JMeter: JMeterHome=/usr/share/jmeter 
2020/01/09 15:04:38 INFO  - jmeter.JMeter: user.dir  =/home/daweins/code/laas/LaaSFork/LaaS/jmx 
2020/01/09 15:04:38 INFO  - jmeter.JMeter: PWD       =/home/daweins/code/laas/LaaSFork/LaaS/jmx 
2020/01/09 15:04:38 INFO  - jmeter.JMeter: IP: 10.0.0.4 Name: perminfrubuntugnome FullName: perminfrubuntugnome 
2020/01/09 15:04:38 INFO  - jmeter.services.FileServer: Default base='/home/daweins/code/laas/LaaSFork/LaaS/jmx' 
2020/01/09 15:04:38 INFO  - jmeter.services.FileServer: Set new base='/home/daweins/code/laas/LaaSFork/LaaS/jmx' 
2020/01/09 15:04:38 INFO  - jmeter.save.SaveService: Testplan (JMX) version: 2.2. Testlog (JTL) version: 2.2 
2020/01/09 15:04:38 INFO  - jmeter.save.SaveService: Using SaveService properties version 2.8 
2020/01/09 15:04:38 INFO  - jmeter.save.SaveService: Using SaveService properties file version 1656252 
2020/01/09 15:04:38 INFO  - jmeter.save.SaveService: Using SaveService properties file encoding UTF-8 
2020/01/09 15:04:38 INFO  - jmeter.save.SaveService: All converter versions present and correct 
2020/01/09 15:04:38 INFO  - jmeter.save.SaveService: Loading file: main.jmx 
2020/01/09 15:04:38 INFO  - jmeter.protocol.http.sampler.HTTPSamplerBase: Cannot find .className property for htmlParser, using default 
2020/01/09 15:04:38 INFO  - jmeter.protocol.http.sampler.HTTPSamplerBase: Parser for text/html is  
2020/01/09 15:04:38 INFO  - jmeter.protocol.http.sampler.HTTPSamplerBase: Parser for application/xhtml+xml is  
2020/01/09 15:04:38 INFO  - jmeter.protocol.http.sampler.HTTPSamplerBase: Parser for application/xml is  
2020/01/09 15:04:38 INFO  - jmeter.protocol.http.sampler.HTTPSamplerBase: Parser for text/xml is  
2020/01/09 15:04:38 INFO  - jmeter.protocol.http.sampler.HTTPSamplerBase: Parser for text/vnd.wap.wml is org.apache.jmeter.protocol.http.parser.RegexpHTMLParser 
2020/01/09 15:04:38 INFO  - jmeter.JMeter: Creating summariser <summary> 
2020/01/09 15:04:38 INFO  - jmeter.engine.StandardJMeterEngine: Listeners will be started after enabling running version 
2020/01/09 15:04:38 INFO  - jmeter.engine.StandardJMeterEngine: To revert to the earlier behaviour, define jmeterengine.startlistenerslater=false 
2020/01/09 15:04:38 INFO  - jmeter.engine.StandardJMeterEngine: Running the test! 
2020/01/09 15:04:38 INFO  - jmeter.samplers.SampleEvent: List of sample_variables: [] 
2020/01/09 15:04:38 INFO  - jmeter.samplers.SampleEvent: List of sample_variables: [] 
2020/01/09 15:04:38 INFO  - jmeter.engine.util.CompoundVariable: Note: Function class names must contain the string: '.functions.' 
2020/01/09 15:04:38 INFO  - jmeter.engine.util.CompoundVariable: Note: Function class names must not contain the string: '.gui.' 
2020/01/09 15:04:39 INFO  - jmeter.JMeter: Running test (1578582279067) 
2020/01/09 15:04:39 INFO  - jmeter.engine.StandardJMeterEngine: Starting ThreadGroup: 1 : Main 
2020/01/09 15:04:39 INFO  - jmeter.engine.StandardJMeterEngine: Starting 100 threads for group Main. 
2020/01/09 15:04:39 INFO  - jmeter.engine.StandardJMeterEngine: Thread will continue on error 
2020/01/09 15:04:39 INFO  - jmeter.threads.ThreadGroup: Starting thread group number 1 threads 100 ramp-up 1 perThread 10.0 delayedStart=false 
2020/01/09 15:04:39 INFO  - jmeter.threads.JMeterThread: jmeterthread.startearlier=true (see jmeter.properties) 
2020/01/09 15:04:39 INFO  - jmeter.threads.JMeterThread: Running PostProcessors in forward order 
2020/01/09 15:04:39 INFO  - jmeter.threads.JMeterThread: Thread started: Main 1-1 
2020/01/09 15:04:39 INFO  - jmeter.threads.JMeterThread: Thread started: Main 1-2 
2020/01/09 15:04:39 INFO  - jmeter.threads.JMeterThread: Thread started: Main 1-3 
2020/01/09 15:04:39 INFO  - jmeter.threads.JMeterThread: Thread started: Main 1-4 
2020/01/09 15:04:39 INFO  - jmeter.threads.JMeterThread: Thread started: Main 1-5 
2020/01/09 15:04:39 INFO  - jmeter.threads.JMeterThread: Thread started: Main 1-6 
2020/01/09 15:04:39 INFO  - jmeter.protocol.http.sampler.HTTPHCAbstractImpl: Local host = perminfrubuntugnome 
2020/01/09 15:04:39 INFO  - jmeter.protocol.http.sampler.HTTPHC4Impl: HTTP request retry count = 0 
2020/01/09 15:04:39 INFO  - jmeter.threads.JMeterThread: Thread started: Main 1-7 
2020/01/09 15:04:39 INFO  - jmeter.threads.JMeterThread: Thread started: Main 1-8 
2020/01/09 15:04:39 INFO  - jmeter.protocol.http.sampler.HTTPHC4Impl: Setting up HTTPS TrustAll scheme 
2020/01/09 15:04:39 INFO  - jmeter.threads.JMeterThread: Thread started: Main 1-9 
2020/01/09 15:04:39 INFO  - jmeter.threads.JMeterThread: Thread started: Main 1-10 
2020/01/09 15:04:39 INFO  - jmeter.threads.JMeterThread: Thread started: Main 1-11 
2020/01/09 15:04:39 INFO  - jmeter.util.JsseSSLManager: Using default SSL protocol: TLS 
2020/01/09 15:04:39 INFO  - jmeter.util.JsseSSLManager: SSL session context: per-thread 
2020/01/09 15:04:39 INFO  - jmeter.threads.JMeterThread: Thread started: Main 1-12 
2020/01/09 15:04:39 INFO  - jmeter.threads.JMeterThread: Thread started: Main 1-13 
2020/01/09 15:04:39 INFO  - jmeter.threads.JMeterThread: Thread started: Main 1-14 
2020/01/09 15:04:39 INFO  - jmeter.threads.JMeterThread: Thread started: Main 1-15 
2020/01/09 15:04:39 INFO  - jmeter.threads.JMeterThread: Thread started: Main 1-16 
2020/01/09 15:04:39 INFO  - jmeter.threads.JMeterThread: Thread started: Main 1-17 
2020/01/09 15:04:39 INFO  - jmeter.threads.JMeterThread: Thread started: Main 1-19 
2020/01/09 15:04:39 INFO  - jmeter.threads.JMeterThread: Thread started: Main 1-18 
2020/01/09 15:04:39 INFO  - jmeter.threads.JMeterThread: Thread started: Main 1-20 
2020/01/09 15:04:39 INFO  - jmeter.threads.JMeterThread: Thread started: Main 1-21 
2020/01/09 15:04:39 INFO  - jmeter.threads.JMeterThread: Thread started: Main 1-23 
2020/01/09 15:04:39 INFO  - jmeter.threads.JMeterThread: Thread started: Main 1-22 
2020/01/09 15:04:39 INFO  - jmeter.threads.JMeterThread: Thread started: Main 1-24 
2020/01/09 15:04:39 INFO  - jmeter.threads.JMeterThread: Thread started: Main 1-25 
2020/01/09 15:04:39 INFO  - jmeter.threads.ThreadGroup: Started thread group number 1 
2020/01/09 15:04:39 INFO  - jmeter.engine.StandardJMeterEngine: All thread groups have been started 
2020/01/09 15:04:39 INFO  - jmeter.threads.JMeterThread: Thread started: Main 1-26 
2020/01/09 15:04:39 INFO  - jmeter.threads.JMeterThread: Thread started: Main 1-27 
2020/01/09 15:04:39 INFO  - jmeter.threads.JMeterThread: Thread started: Main 1-28 
2020/01/09 15:04:39 INFO  - jmeter.threads.JMeterThread: Thread started: Main 1-29 
2020/01/09 15:04:39 INFO  - jmeter.threads.JMeterThread: Thread started: Main 1-30 
2020/01/09 15:04:39 INFO  - jmeter.samplers.SampleResult: Note: Sample TimeStamps are START times 
2020/01/09 15:04:39 INFO  - jmeter.samplers.SampleResult: sampleresult.default.encoding is set to ISO-8859-1 
2020/01/09 15:04:39 INFO  - jmeter.samplers.SampleResult: sampleresult.useNanoTime=true 
2020/01/09 15:04:39 INFO  - jmeter.samplers.SampleResult: sampleresult.nanoThreadSleep=5000 
2020/01/09 15:04:39 INFO  - jmeter.threads.JMeterThread: Thread started: Main 1-31 
2020/01/09 15:04:39 INFO  - jmeter.threads.JMeterThread: Thread started: Main 1-32 
2020/01/09 15:04:39 INFO  - jmeter.threads.JMeterThread: Thread started: Main 1-33 
2020/01/09 15:04:39 INFO  - jmeter.threads.JMeterThread: Thread started: Main 1-34 
2020/01/09 15:04:39 INFO  - jmeter.threads.JMeterThread: Thread started: Main 1-35 
2020/01/09 15:04:39 INFO  - jmeter.threads.JMeterThread: Thread started: Main 1-36 
2020/01/09 15:04:39 INFO  - jmeter.threads.JMeterThread: Thread started: Main 1-37 
2020/01/09 15:04:39 INFO  - jmeter.threads.JMeterThread: Thread started: Main 1-38 
2020/01/09 15:04:39 INFO  - jmeter.threads.JMeterThread: Thread started: Main 1-39 
2020/01/09 15:04:39 INFO  - jmeter.threads.JMeterThread: Thread started: Main 1-40 
2020/01/09 15:04:39 INFO  - jmeter.threads.JMeterThread: Thread started: Main 1-41 
2020/01/09 15:04:39 INFO  - jmeter.threads.JMeterThread: Thread started: Main 1-42 
2020/01/09 15:04:39 INFO  - jmeter.threads.JMeterThread: Thread started: Main 1-43 
2020/01/09 15:04:39 INFO  - jmeter.threads.JMeterThread: Thread started: Main 1-44 
2020/01/09 15:04:39 INFO  - jmeter.threads.JMeterThread: Thread started: Main 1-45 
2020/01/09 15:04:39 INFO  - jmeter.threads.JMeterThread: Thread started: Main 1-46 
2020/01/09 15:04:39 INFO  - jmeter.threads.JMeterThread: Thread started: Main 1-47 
2020/01/09 15:04:39 INFO  - jmeter.threads.JMeterThread: Thread started: Main 1-48 
2020/01/09 15:04:39 INFO  - jmeter.threads.JMeterThread: Thread started: Main 1-49 
2020/01/09 15:04:39 INFO  - jmeter.threads.JMeterThread: Thread started: Main 1-50 
2020/01/09 15:04:39 INFO  - jmeter.threads.JMeterThread: Thread started: Main 1-51 
2020/01/09 15:04:39 INFO  - jmeter.threads.JMeterThread: Thread started: Main 1-52 
2020/01/09 15:04:39 INFO  - jmeter.threads.JMeterThread: Thread started: Main 1-53 
2020/01/09 15:04:39 INFO  - jmeter.threads.JMeterThread: Thread started: Main 1-54 
2020/01/09 15:04:39 INFO  - jmeter.threads.JMeterThread: Thread started: Main 1-56 
2020/01/09 15:04:39 INFO  - jmeter.threads.JMeterThread: Thread started: Main 1-55 
2020/01/09 15:04:39 INFO  - jmeter.threads.JMeterThread: Thread started: Main 1-57 
2020/01/09 15:04:39 INFO  - jmeter.threads.JMeterThread: Thread started: Main 1-58 
2020/01/09 15:04:39 INFO  - jmeter.threads.JMeterThread: Thread started: Main 1-59 
2020/01/09 15:04:39 INFO  - jmeter.threads.JMeterThread: Thread started: Main 1-60 
2020/01/09 15:04:39 INFO  - jmeter.threads.JMeterThread: Thread started: Main 1-61 
2020/01/09 15:04:39 INFO  - jmeter.threads.JMeterThread: Thread started: Main 1-62 
2020/01/09 15:04:40 INFO  - jmeter.threads.JMeterThread: Thread started: Main 1-63 
2020/01/09 15:04:40 INFO  - jmeter.threads.JMeterThread: Thread started: Main 1-64 
2020/01/09 15:04:40 INFO  - jmeter.threads.JMeterThread: Thread started: Main 1-65 
2020/01/09 15:04:40 INFO  - jmeter.threads.JMeterThread: Thread started: Main 1-66 
2020/01/09 15:04:40 INFO  - jmeter.threads.JMeterThread: Thread started: Main 1-67 
2020/01/09 15:04:40 INFO  - jmeter.threads.JMeterThread: Thread started: Main 1-68 
2020/01/09 15:04:40 INFO  - jmeter.threads.JMeterThread: Thread started: Main 1-69 
2020/01/09 15:04:40 INFO  - jmeter.threads.JMeterThread: Thread started: Main 1-70 
2020/01/09 15:04:40 INFO  - jmeter.threads.JMeterThread: Thread started: Main 1-71 
2020/01/09 15:04:40 INFO  - jmeter.threads.JMeterThread: Thread started: Main 1-72 
2020/01/09 15:04:40 INFO  - jmeter.threads.JMeterThread: Thread started: Main 1-73 
2020/01/09 15:04:40 INFO  - jmeter.threads.JMeterThread: Thread started: Main 1-74 
2020/01/09 15:04:40 INFO  - jmeter.threads.JMeterThread: Thread started: Main 1-75 
2020/01/09 15:04:40 INFO  - jmeter.threads.JMeterThread: Thread started: Main 1-76 
2020/01/09 15:04:40 INFO  - jmeter.threads.JMeterThread: Thread started: Main 1-77 
2020/01/09 15:04:40 INFO  - jmeter.threads.JMeterThread: Thread started: Main 1-78 
2020/01/09 15:04:40 INFO  - jmeter.threads.JMeterThread: Thread started: Main 1-79 
2020/01/09 15:04:40 INFO  - jmeter.threads.JMeterThread: Thread started: Main 1-80 
2020/01/09 15:04:40 INFO  - jmeter.threads.JMeterThread: Thread started: Main 1-81 
2020/01/09 15:04:40 INFO  - jmeter.threads.JMeterThread: Thread started: Main 1-82 
2020/01/09 15:04:40 INFO  - jmeter.threads.JMeterThread: Thread started: Main 1-83 
2020/01/09 15:04:40 INFO  - jmeter.threads.JMeterThread: Thread started: Main 1-84 
2020/01/09 15:04:40 INFO  - jmeter.threads.JMeterThread: Thread started: Main 1-85 
2020/01/09 15:04:40 INFO  - jmeter.threads.JMeterThread: Thread started: Main 1-86 
2020/01/09 15:04:40 INFO  - jmeter.threads.JMeterThread: Thread started: Main 1-87 
2020/01/09 15:04:40 INFO  - jmeter.threads.JMeterThread: Thread started: Main 1-88 
2020/01/09 15:04:40 INFO  - jmeter.threads.JMeterThread: Thread started: Main 1-89 
2020/01/09 15:04:40 INFO  - jmeter.threads.JMeterThread: Thread started: Main 1-90 
2020/01/09 15:04:40 INFO  - jmeter.threads.JMeterThread: Thread started: Main 1-91 
2020/01/09 15:04:40 INFO  - jmeter.threads.JMeterThread: Thread started: Main 1-92 
2020/01/09 15:04:40 INFO  - jmeter.threads.JMeterThread: Thread started: Main 1-93 
2020/01/09 15:04:40 INFO  - jmeter.threads.JMeterThread: Thread started: Main 1-94 
2020/01/09 15:04:40 INFO  - jmeter.threads.JMeterThread: Thread started: Main 1-95 
2020/01/09 15:04:40 INFO  - jmeter.threads.JMeterThread: Thread started: Main 1-96 
2020/01/09 15:04:40 INFO  - jmeter.threads.JMeterThread: Thread started: Main 1-97 
2020/01/09 15:04:40 INFO  - jmeter.threads.JMeterThread: Thread started: Main 1-98 
2020/01/09 15:04:40 INFO  - jmeter.threads.JMeterThread: Thread started: Main 1-99 
2020/01/09 15:04:40 INFO  - jmeter.threads.JMeterThread: Thread started: Main 1-100 
2020/01/09 15:05:00 INFO  - jmeter.reporters.Summariser: summary +   2059 in    21s =   98.3/s Avg:   555 Min:   541 Max:   872 Err:     0 (0.00%) Active: 100 Started: 100 Finished: 0 
2020/01/09 15:05:30 INFO  - jmeter.reporters.Summariser: summary +   2999 in    30s =  100.0/s Avg:   550 Min:   541 Max:   623 Err:     0 (0.00%) Active: 100 Started: 100 Finished: 0 
2020/01/09 15:05:30 INFO  - jmeter.reporters.Summariser: summary =   5058 in    51s =   99.3/s Avg:   552 Min:   541 Max:   872 Err:     0 (0.00%) 
2020/01/09 15:06:00 INFO  - jmeter.reporters.Summariser: summary +   3000 in    30s =  100.0/s Avg:   551 Min:   541 Max:   626 Err:     0 (0.00%) Active: 100 Started: 100 Finished: 0 
2020/01/09 15:06:00 INFO  - jmeter.reporters.Summariser: summary =   8058 in    81s =   99.6/s Avg:   552 Min:   541 Max:   872 Err:     0 (0.00%) 
2020/01/09 15:06:30 INFO  - jmeter.reporters.Summariser: summary +   3001 in    30s =  100.0/s Avg:   555 Min:   541 Max:   881 Err:     0 (0.00%) Active: 100 Started: 100 Finished: 0 
2020/01/09 15:06:30 INFO  - jmeter.reporters.Summariser: summary =  11059 in   111s =   99.7/s Avg:   553 Min:   541 Max:   881 Err:     0 (0.00%) 
2020/01/09 15:07:00 INFO  - jmeter.reporters.Summariser: summary +   3000 in    30s =  100.0/s Avg:   553 Min:   541 Max:   878 Err:     0 (0.00%) Active: 100 Started: 100 Finished: 0 
2020/01/09 15:07:00 INFO  - jmeter.reporters.Summariser: summary =  14059 in   141s =   99.7/s Avg:   553 Min:   541 Max:   881 Err:     0 (0.00%) 
2020/01/09 15:07:30 INFO  - jmeter.reporters.Summariser: summary +   3000 in    30s =  100.0/s Avg:   551 Min:   541 Max:   681 Err:     0 (0.00%) Active: 100 Started: 100 Finished: 0 
2020/01/09 15:07:30 INFO  - jmeter.reporters.Summariser: summary =  17059 in   171s =   99.8/s Avg:   552 Min:   541 Max:   881 Err:     0 (0.00%) 
2020/01/09 15:08:00 INFO  - jmeter.reporters.Summariser: summary +   2999 in    30s =  100.0/s Avg:   551 Min:   541 Max:   605 Err:     0 (0.00%) Active: 100 Started: 100 Finished: 0 
2020/01/09 15:08:00 INFO  - jmeter.reporters.Summariser: summary =  20058 in   201s =   99.8/s Avg:   552 Min:   541 Max:   881 Err:     0 (0.00%) 
2020/01/09 15:08:30 INFO  - jmeter.reporters.Summariser: summary +   3001 in    30s =  100.0/s Avg:   553 Min:   541 Max:   621 Err:     0 (0.00%) Active: 100 Started: 100 Finished: 0 
2020/01/09 15:08:30 INFO  - jmeter.reporters.Summariser: summary =  23059 in   231s =   99.8/s Avg:   552 Min:   541 Max:   881 Err:     0 (0.00%) 
2020/01/09 15:09:00 INFO  - jmeter.reporters.Summariser: summary +   3000 in    30s =  100.0/s Avg:   553 Min:   541 Max:   596 Err:     0 (0.00%) Active: 100 Started: 100 Finished: 0 
2020/01/09 15:09:00 INFO  - jmeter.reporters.Summariser: summary =  26059 in   261s =   99.9/s Avg:   552 Min:   541 Max:   881 Err:     0 (0.00%) 
2020/01/09 15:09:30 INFO  - jmeter.reporters.Summariser: summary +   3000 in    30s =  100.0/s Avg:   556 Min:   541 Max:  1032 Err:     3 (0.10%) Active: 100 Started: 100 Finished: 0 
2020/01/09 15:09:30 INFO  - jmeter.reporters.Summariser: summary =  29059 in   291s =   99.9/s Avg:   553 Min:   541 Max:  1032 Err:     3 (0.01%) 
2020/01/09 15:10:00 INFO  - jmeter.reporters.Summariser: summary +   3000 in    30s =  100.0/s Avg:   554 Min:   541 Max:  1002 Err:     1 (0.03%) Active: 100 Started: 100 Finished: 0 
2020/01/09 15:10:00 INFO  - jmeter.reporters.Summariser: summary =  32059 in   321s =   99.9/s Avg:   553 Min:   541 Max:  1032 Err:     4 (0.01%) 
2020/01/09 15:10:30 INFO  - jmeter.reporters.Summariser: summary +   2999 in    30s =  100.0/s Avg:   553 Min:   541 Max:  1002 Err:     2 (0.07%) Active: 100 Started: 100 Finished: 0 
2020/01/09 15:10:30 INFO  - jmeter.reporters.Summariser: summary =  35058 in   351s =   99.9/s Avg:   553 Min:   541 Max:  1032 Err:     6 (0.02%) 
2020/01/09 15:11:00 INFO  - jmeter.reporters.Summariser: summary +   3000 in    30s =  100.0/s Avg:   553 Min:   541 Max:   622 Err:     0 (0.00%) Active: 100 Started: 100 Finished: 0 
2020/01/09 15:11:00 INFO  - jmeter.reporters.Summariser: summary =  38058 in   381s =   99.9/s Avg:   553 Min:   541 Max:  1032 Err:     6 (0.02%) 
2020/01/09 15:11:30 INFO  - jmeter.reporters.Summariser: summary +   3002 in    30s =  100.0/s Avg:   552 Min:   541 Max:   596 Err:     0 (0.00%) Active: 100 Started: 100 Finished: 0 
2020/01/09 15:11:30 INFO  - jmeter.reporters.Summariser: summary =  41060 in   411s =   99.9/s Avg:   553 Min:   541 Max:  1032 Err:     6 (0.01%) 
2020/01/09 15:12:00 INFO  - jmeter.reporters.Summariser: summary +   2998 in    30s =  100.0/s Avg:   552 Min:   541 Max:   604 Err:     0 (0.00%) Active: 100 Started: 100 Finished: 0 
2020/01/09 15:12:00 INFO  - jmeter.reporters.Summariser: summary =  44058 in   441s =   99.9/s Avg:   553 Min:   541 Max:  1032 Err:     6 (0.01%) 
2020/01/09 15:12:30 INFO  - jmeter.reporters.Summariser: summary +   3001 in    30s =  100.0/s Avg:   554 Min:   541 Max:   635 Err:     0 (0.00%) Active: 100 Started: 100 Finished: 0 
2020/01/09 15:12:30 INFO  - jmeter.reporters.Summariser: summary =  47059 in   471s =   99.9/s Avg:   553 Min:   541 Max:  1032 Err:     6 (0.01%) 
2020/01/09 15:13:00 INFO  - jmeter.reporters.Summariser: summary +   3001 in    30s =  100.1/s Avg:   552 Min:   541 Max:  1002 Err:     1 (0.03%) Active: 100 Started: 100 Finished: 0 
2020/01/09 15:13:00 INFO  - jmeter.reporters.Summariser: summary =  50060 in   501s =   99.9/s Avg:   553 Min:   541 Max:  1032 Err:     7 (0.01%) 
2020/01/09 15:13:30 INFO  - jmeter.reporters.Summariser: summary +   2998 in    30s =   99.9/s Avg:   553 Min:   541 Max:   618 Err:     0 (0.00%) Active: 100 Started: 100 Finished: 0 
2020/01/09 15:13:30 INFO  - jmeter.reporters.Summariser: summary =  53058 in   531s =   99.9/s Avg:   553 Min:   541 Max:  1032 Err:     7 (0.01%) 
2020/01/09 15:13:46 INFO  - jmeter.reporters.ResultCollector: Shutdown hook started 
2020/01/09 15:13:46 INFO  - jmeter.reporters.ResultCollector: Shutdown hook ended 
